<?xml version="1.0" encoding="UTF-8"?>
<!-- Generated by org.testng.reporters.JUnitReportReporter -->
<testsuite hostname="shivanis-MacBook-Pro.local" failures="0" tests="1" name="FrameworkProject.validateTitle" time="0.071" errors="0" timestamp="2021-10-16T23:14:46 IST" skipped="0">
  <testcase classname="FrameworkProject.validateTitle" name="titleValidation" time="0.071"/>
  <system-out/>
</testsuite> <!-- FrameworkProject.validateTitle -->
