<?xml version="1.0" encoding="UTF-8"?>
<!-- Generated by org.testng.reporters.JUnitReportReporter -->
<testsuite hostname="shivanis-MacBook-Pro.local" failures="0" tests="1" name="FrameworkProject.HomePage" time="3.256" errors="0" timestamp="2021-10-16T12:33:00 IST" skipped="0">
  <testcase classname="FrameworkProject.HomePage" name="homePage" time="3.256"/>
  <system-out/>
</testsuite> <!-- FrameworkProject.HomePage -->
