<?xml version="1.0" encoding="UTF-8"?>
<!-- Generated by org.testng.reporters.JUnitReportReporter -->
<testsuite hostname="shivanis-MacBook-Pro.local" failures="0" tests="1" name="FrameworkProject.validateNavbar" time="0.109" errors="0" timestamp="2021-10-17T00:21:49 IST" skipped="0">
  <testcase classname="FrameworkProject.validateNavbar" name="navigationBar" time="0.109"/>
  <system-out/>
</testsuite> <!-- FrameworkProject.validateNavbar -->
