<?xml version="1.0" encoding="UTF-8"?>
<!-- Generated by org.testng.reporters.JUnitReportReporter -->
<testsuite hostname="shivanis-MacBook-Pro.local" failures="0" tests="1" name="FrameworkProject.HomePage" time="14.493" errors="0" timestamp="2021-10-16T23:14:46 IST" skipped="0">
  <testcase classname="FrameworkProject.HomePage" name="homePage" time="14.493"/>
  <system-out/>
</testsuite> <!-- FrameworkProject.HomePage -->
